0 info it worked if it ends with ok
1 verbose cli [ '/usr/bin/nodejs', '/usr/bin/npm', 'install', 'mongoose' ]
2 info using npm@3.10.9
3 info using node@v6.9.2
4 silly loadCurrentTree Starting
5 silly install loadCurrentTree
6 silly install readLocalPackageData
7 silly fetchPackageMetaData mongoose@4.7,7
8 silly fetchNamedPackageData mongoose
9 silly mapToRegistry name mongoose
10 silly mapToRegistry using default registry
11 silly mapToRegistry registry https://registry.npmjs.org/
12 silly mapToRegistry data Result {
12 silly mapToRegistry   raw: 'mongoose',
12 silly mapToRegistry   scope: null,
12 silly mapToRegistry   escapedName: 'mongoose',
12 silly mapToRegistry   name: 'mongoose',
12 silly mapToRegistry   rawSpec: '',
12 silly mapToRegistry   spec: 'latest',
12 silly mapToRegistry   type: 'tag' }
13 silly mapToRegistry uri https://registry.npmjs.org/mongoose
14 verbose request uri https://registry.npmjs.org/mongoose
15 verbose request no auth needed
16 info attempt registry request try #1 at 4:19:22 PM
17 verbose request id a669a724673e3f16
18 verbose etag W/"587c3566-8641d"
19 verbose lastModified Mon, 16 Jan 2017 02:52:22 GMT
20 http request GET https://registry.npmjs.org/mongoose
21 http 200 https://registry.npmjs.org/mongoose
22 verbose headers { server: 'nginx/1.10.1',
22 verbose headers   'content-type': 'application/json',
22 verbose headers   'last-modified': 'Thu, 19 Jan 2017 09:43:05 GMT',
22 verbose headers   etag: 'W/"58808a29-86430"',
22 verbose headers   'content-encoding': 'gzip',
22 verbose headers   'cache-control': 'max-age=300',
22 verbose headers   'content-length': '41827',
22 verbose headers   'accept-ranges': 'bytes',
22 verbose headers   date: 'Thu, 19 Jan 2017 10:49:23 GMT',
22 verbose headers   via: '1.1 varnish',
22 verbose headers   age: '155',
22 verbose headers   connection: 'keep-alive',
22 verbose headers   'x-served-by': 'cache-ams4444-AMS',
22 verbose headers   'x-cache': 'HIT',
22 verbose headers   'x-cache-hits': '2',
22 verbose headers   'x-timer': 'S1484822963.078661,VS0,VE0',
22 verbose headers   vary: 'Accept-Encoding' }
23 silly get cb [ 200,
23 silly get   { server: 'nginx/1.10.1',
23 silly get     'content-type': 'application/json',
23 silly get     'last-modified': 'Thu, 19 Jan 2017 09:43:05 GMT',
23 silly get     etag: 'W/"58808a29-86430"',
23 silly get     'content-encoding': 'gzip',
23 silly get     'cache-control': 'max-age=300',
23 silly get     'content-length': '41827',
23 silly get     'accept-ranges': 'bytes',
23 silly get     date: 'Thu, 19 Jan 2017 10:49:23 GMT',
23 silly get     via: '1.1 varnish',
23 silly get     age: '155',
23 silly get     connection: 'keep-alive',
23 silly get     'x-served-by': 'cache-ams4444-AMS',
23 silly get     'x-cache': 'HIT',
23 silly get     'x-cache-hits': '2',
23 silly get     'x-timer': 'S1484822963.078661,VS0,VE0',
23 silly get     vary: 'Accept-Encoding' } ]
24 verbose get saving mongoose to /home/lcom64/.npm/registry.npmjs.org/mongoose/.cache.json
25 verbose correctMkdir /home/lcom64/.npm correctMkdir not in flight; initializing
26 silly fetchPackageMetaData Error: No compatible version found: mongoose@4.7,7
26 silly fetchPackageMetaData Valid install targets:
26 silly fetchPackageMetaData 4.7.7, 4.7.6, 4.7.5, 4.7.5-pre, 4.7.4, 4.7.3, 4.7.2, 4.7.1, 4.7.0, 4.6.8, 4.6.7, 4.6.6, 4.6.5, 4.6.4, 4.6.3, 4.6.2, 4.6.1, 4.6.0, 4.5.10, 4.5.9, 4.5.8, 4.5.7, 4.5.6, 4.5.5, 4.5.4, 4.5.3, 4.5.2, 4.5.1, 4.5.0, 4.4.20, 4.4.19, 4.4.18, 4.4.17, 4.4.16, 4.4.15, 4.4.14, 4.4.13, 4.4.12, 4.4.11, 4.4.10, 4.4.9, 4.4.8, 4.4.7, 4.4.6, 4.4.5, 4.4.4, 4.4.3, 4.4.2, 4.4.1, 4.4.0, 4.3.7, 4.3.6, 4.3.5, 4.3.4, 4.3.3, 4.3.2, 4.3.1, 4.3.0, 4.2.10, 4.2.9, 4.2.8, 4.2.7, 4.2.6, 4.2.5, 4.2.4, 4.2.3, 4.2.2, 4.2.1, 4.2.0, 4.1.12, 4.1.11, 4.1.10, 4.1.9, 4.1.8, 4.1.7, 4.1.6, 4.1.5, 4.1.3, 4.1.2, 4.1.1, 4.1.0, 4.0.8, 4.0.7, 4.0.6, 4.0.5, 4.0.4, 4.0.3, 4.0.2, 4.0.1, 4.0.0, 4.0.0-rc4, 4.0.0-rc3, 4.0.0-rc2, 4.0.0-rc1, 4.0.0-rc0, 3.9.7, 3.9.6, 3.9.5, 3.9.4, 3.9.3, 3.9.2, 3.9.1, 3.9.0, 3.8.40, 3.8.39, 3.8.38, 3.8.37, 3.8.36, 3.8.35, 3.8.34, 3.8.33, 3.8.31, 3.8.30, 3.8.29, 3.8.28, 3.8.27, 3.8.26, 3.8.25, 3.8.24, 3.8.23, 3.8.22, 3.8.21, 3.8.20, 3.8.19, 3.8.18, 3.8.17, 3.8.16, 3.8.15, 3.8.14, 3.8.13, 3.8.12, 3.8.11, 3.8.10, 3.8.9, 3.8.8, 3.8.7, 3.8.6, 3.8.5, 3.8.4, 3.8.3, 3.8.2, 3.8.1, 3.8.0, 3.7.4, 3.7.3, 3.7.2, 3.7.0, 3.6.20, 3.6.19, 3.6.18, 3.6.17, 3.6.16, 3.6.15, 3.6.14, 3.6.13, 3.6.12, 3.6.11, 3.6.10, 3.6.9, 3.6.8, 3.6.7, 3.6.6, 3.6.5, 3.6.4, 3.6.3, 3.6.2, 3.6.0-rc1, 3.6.0-rc0, 3.5.16, 3.5.15, 3.5.14, 3.5.13, 3.5.12, 3.5.11, 3.5.10, 3.5.9, 3.5.8, 3.5.7, 3.5.6, 3.5.5, 3.5.4, 3.5.3, 3.5.2, 3.5.1, 3.5.0, 3.4.0, 3.3.1, 3.3.0, 3.2.2, 3.2.1, 3.2.0, 3.1.1, 3.1.0, 3.0.3, 3.0.2, 3.0.1, 3.0.0, 3.0.0-rc0, 3.0.0-alpha2, 3.0.0-alpha1, 2.9.10, 2.9.9, 2.9.8, 2.9.7, 2.9.6, 2.9.5, 2.9.4, 2.9.3, 2.9.2, 2.9.1, 2.9.0, 2.8.3, 2.8.2, 2.8.1, 2.8.0, 2.7.4, 2.7.3, 2.7.2, 2.7.1, 2.7.0, 2.6.8, 2.6.7, 2.6.6, 2.6.5, 2.6.4, 2.6.3, 2.6.2, 2.6.1, 2.6.0, 2.5.14, 2.5.13, 2.5.12, 2.5.11, 2.5.10, 2.5.9, 2.5.8, 2.5.7, 2.5.6, 2.5.5, 2.5.4, 2.5.3, 2.5.2, 2.5.1, 2.5.0, 2.4.10, 2.4.9, 2.4.8, 2.4.7, 2.4.6, 2.4.5, 2.4.4, 2.4.3, 2.4.2, 2.4.1, 2.4.0, 2.3.13, 2.3.12, 2.3.11, 2.3.10, 2.3.9, 2.3.8, 2.3.7, 2.3.6, 2.3.5, 2.3.4, 2.3.3, 2.3.2, 2.3.1, 2.3.0, 2.2.4, 2.2.3, 2.2.2, 2.2.1, 2.2.0, 2.1.4, 2.1.3, 2.1.2, 2.1.1, 2.1.0, 2.0.4, 2.0.3, 2.0.2, 2.0.1, 2.0.0, 1.8.4, 1.8.3, 1.8.2, 1.8.1, 1.8.0, 1.7.4, 1.7.3, 1.7.2, 1.6.0, 1.5.0, 1.4.0, 1.3.7, 1.3.6, 1.3.5, 1.3.4, 1.3.3, 1.3.2, 1.3.1, 1.3.0, 1.2.0, 1.1.25, 1.1.24, 1.1.23, 1.1.22, 1.1.21, 1.1.20, 1.1.19, 1.1.18, 1.1.17, 1.1.16, 1.1.15, 1.1.14, 1.1.13, 1.1.12, 1.1.11, 1.1.10, 1.1.9, 1.1.8, 1.1.7, 1.1.6, 1.1.5, 1.1.4, 1.1.3, 1.1.2, 1.1.1, 1.1.0, 1.0.16, 1.0.15, 1.0.14, 1.0.13, 1.0.12, 1.0.11, 1.0.10, 1.0.8, 1.0.7, 1.0.6, 1.0.5, 1.0.4, 1.0.3, 1.0.2, 1.0.1, 1.0.0, 0.0.6, 0.0.5, 0.0.4, 0.0.3, 0.0.2, 0.0.1
26 silly fetchPackageMetaData
26 silly fetchPackageMetaData     at pickVersionFromRegistryDocument (/usr/lib/node_modules/npm/lib/fetch-package-metadata.js:178:16)
26 silly fetchPackageMetaData     at /usr/lib/node_modules/npm/node_modules/iferr/index.js:13:50
26 silly fetchPackageMetaData     at /usr/lib/node_modules/npm/lib/utils/pulse-till-done.js:20:8
26 silly fetchPackageMetaData     at saved (/usr/lib/node_modules/npm/lib/cache/caching-client.js:174:7)
26 silly fetchPackageMetaData     at /usr/lib/node_modules/npm/node_modules/graceful-fs/polyfills.js:241:18
26 silly fetchPackageMetaData     at FSReqWrap.oncomplete (fs.js:123:15)
26 silly fetchPackageMetaData  error for mongoose@4.7,7 { Error: No compatible version found: mongoose@4.7,7
26 silly fetchPackageMetaData Valid install targets:
26 silly fetchPackageMetaData 4.7.7, 4.7.6, 4.7.5, 4.7.5-pre, 4.7.4, 4.7.3, 4.7.2, 4.7.1, 4.7.0, 4.6.8, 4.6.7, 4.6.6, 4.6.5, 4.6.4, 4.6.3, 4.6.2, 4.6.1, 4.6.0, 4.5.10, 4.5.9, 4.5.8, 4.5.7, 4.5.6, 4.5.5, 4.5.4, 4.5.3, 4.5.2, 4.5.1, 4.5.0, 4.4.20, 4.4.19, 4.4.18, 4.4.17, 4.4.16, 4.4.15, 4.4.14, 4.4.13, 4.4.12, 4.4.11, 4.4.10, 4.4.9, 4.4.8, 4.4.7, 4.4.6, 4.4.5, 4.4.4, 4.4.3, 4.4.2, 4.4.1, 4.4.0, 4.3.7, 4.3.6, 4.3.5, 4.3.4, 4.3.3, 4.3.2, 4.3.1, 4.3.0, 4.2.10, 4.2.9, 4.2.8, 4.2.7, 4.2.6, 4.2.5, 4.2.4, 4.2.3, 4.2.2, 4.2.1, 4.2.0, 4.1.12, 4.1.11, 4.1.10, 4.1.9, 4.1.8, 4.1.7, 4.1.6, 4.1.5, 4.1.3, 4.1.2, 4.1.1, 4.1.0, 4.0.8, 4.0.7, 4.0.6, 4.0.5, 4.0.4, 4.0.3, 4.0.2, 4.0.1, 4.0.0, 4.0.0-rc4, 4.0.0-rc3, 4.0.0-rc2, 4.0.0-rc1, 4.0.0-rc0, 3.9.7, 3.9.6, 3.9.5, 3.9.4, 3.9.3, 3.9.2, 3.9.1, 3.9.0, 3.8.40, 3.8.39, 3.8.38, 3.8.37, 3.8.36, 3.8.35, 3.8.34, 3.8.33, 3.8.31, 3.8.30, 3.8.29, 3.8.28, 3.8.27, 3.8.26, 3.8.25, 3.8.24, 3.8.23, 3.8.22, 3.8.21, 3.8.20, 3.8.19, 3.8.18, 3.8.17, 3.8.16, 3.8.15, 3.8.14, 3.8.13, 3.8.12, 3.8.11, 3.8.10, 3.8.9, 3.8.8, 3.8.7, 3.8.6, 3.8.5, 3.8.4, 3.8.3, 3.8.2, 3.8.1, 3.8.0, 3.7.4, 3.7.3, 3.7.2, 3.7.0, 3.6.20, 3.6.19, 3.6.18, 3.6.17, 3.6.16, 3.6.15, 3.6.14, 3.6.13, 3.6.12, 3.6.11, 3.6.10, 3.6.9, 3.6.8, 3.6.7, 3.6.6, 3.6.5, 3.6.4, 3.6.3, 3.6.2, 3.6.0-rc1, 3.6.0-rc0, 3.5.16, 3.5.15, 3.5.14, 3.5.13, 3.5.12, 3.5.11, 3.5.10, 3.5.9, 3.5.8, 3.5.7, 3.5.6, 3.5.5, 3.5.4, 3.5.3, 3.5.2, 3.5.1, 3.5.0, 3.4.0, 3.3.1, 3.3.0, 3.2.2, 3.2.1, 3.2.0, 3.1.1, 3.1.0, 3.0.3, 3.0.2, 3.0.1, 3.0.0, 3.0.0-rc0, 3.0.0-alpha2, 3.0.0-alpha1, 2.9.10, 2.9.9, 2.9.8, 2.9.7, 2.9.6, 2.9.5, 2.9.4, 2.9.3, 2.9.2, 2.9.1, 2.9.0, 2.8.3, 2.8.2, 2.8.1, 2.8.0, 2.7.4, 2.7.3, 2.7.2, 2.7.1, 2.7.0, 2.6.8, 2.6.7, 2.6.6, 2.6.5, 2.6.4, 2.6.3, 2.6.2, 2.6.1, 2.6.0, 2.5.14, 2.5.13, 2.5.12, 2.5.11, 2.5.10, 2.5.9, 2.5.8, 2.5.7, 2.5.6, 2.5.5, 2.5.4, 2.5.3, 2.5.2, 2.5.1, 2.5.0, 2.4.10, 2.4.9, 2.4.8, 2.4.7, 2.4.6, 2.4.5, 2.4.4, 2.4.3, 2.4.2, 2.4.1, 2.4.0, 2.3.13, 2.3.12, 2.3.11, 2.3.10, 2.3.9, 2.3.8, 2.3.7, 2.3.6, 2.3.5, 2.3.4, 2.3.3, 2.3.2, 2.3.1, 2.3.0, 2.2.4, 2.2.3, 2.2.2, 2.2.1, 2.2.0, 2.1.4, 2.1.3, 2.1.2, 2.1.1, 2.1.0, 2.0.4, 2.0.3, 2.0.2, 2.0.1, 2.0.0, 1.8.4, 1.8.3, 1.8.2, 1.8.1, 1.8.0, 1.7.4, 1.7.3, 1.7.2, 1.6.0, 1.5.0, 1.4.0, 1.3.7, 1.3.6, 1.3.5, 1.3.4, 1.3.3, 1.3.2, 1.3.1, 1.3.0, 1.2.0, 1.1.25, 1.1.24, 1.1.23, 1.1.22, 1.1.21, 1.1.20, 1.1.19, 1.1.18, 1.1.17, 1.1.16, 1.1.15, 1.1.14, 1.1.13, 1.1.12, 1.1.11, 1.1.10, 1.1.9, 1.1.8, 1.1.7, 1.1.6, 1.1.5, 1.1.4, 1.1.3, 1.1.2, 1.1.1, 1.1.0, 1.0.16, 1.0.15, 1.0.14, 1.0.13, 1.0.12, 1.0.11, 1.0.10, 1.0.8, 1.0.7, 1.0.6, 1.0.5, 1.0.4, 1.0.3, 1.0.2, 1.0.1, 1.0.0, 0.0.6, 0.0.5, 0.0.4, 0.0.3, 0.0.2, 0.0.1
26 silly fetchPackageMetaData
26 silly fetchPackageMetaData     at pickVersionFromRegistryDocument (/usr/lib/node_modules/npm/lib/fetch-package-metadata.js:178:16)
26 silly fetchPackageMetaData     at /usr/lib/node_modules/npm/node_modules/iferr/index.js:13:50
26 silly fetchPackageMetaData     at /usr/lib/node_modules/npm/lib/utils/pulse-till-done.js:20:8
26 silly fetchPackageMetaData     at saved (/usr/lib/node_modules/npm/lib/cache/caching-client.js:174:7)
26 silly fetchPackageMetaData     at /usr/lib/node_modules/npm/node_modules/graceful-fs/polyfills.js:241:18
26 silly fetchPackageMetaData     at FSReqWrap.oncomplete (fs.js:123:15) code: 'ETARGET' }
27 silly rollbackFailedOptional Starting
28 silly rollbackFailedOptional Finishing
29 silly runTopLevelLifecycles Finishing
30 silly install printInstalled
31 verbose stack Error: No compatible version found: mongoose@4.7,7
31 verbose stack Valid install targets:
31 verbose stack 4.7.7, 4.7.6, 4.7.5, 4.7.5-pre, 4.7.4, 4.7.3, 4.7.2, 4.7.1, 4.7.0, 4.6.8, 4.6.7, 4.6.6, 4.6.5, 4.6.4, 4.6.3, 4.6.2, 4.6.1, 4.6.0, 4.5.10, 4.5.9, 4.5.8, 4.5.7, 4.5.6, 4.5.5, 4.5.4, 4.5.3, 4.5.2, 4.5.1, 4.5.0, 4.4.20, 4.4.19, 4.4.18, 4.4.17, 4.4.16, 4.4.15, 4.4.14, 4.4.13, 4.4.12, 4.4.11, 4.4.10, 4.4.9, 4.4.8, 4.4.7, 4.4.6, 4.4.5, 4.4.4, 4.4.3, 4.4.2, 4.4.1, 4.4.0, 4.3.7, 4.3.6, 4.3.5, 4.3.4, 4.3.3, 4.3.2, 4.3.1, 4.3.0, 4.2.10, 4.2.9, 4.2.8, 4.2.7, 4.2.6, 4.2.5, 4.2.4, 4.2.3, 4.2.2, 4.2.1, 4.2.0, 4.1.12, 4.1.11, 4.1.10, 4.1.9, 4.1.8, 4.1.7, 4.1.6, 4.1.5, 4.1.3, 4.1.2, 4.1.1, 4.1.0, 4.0.8, 4.0.7, 4.0.6, 4.0.5, 4.0.4, 4.0.3, 4.0.2, 4.0.1, 4.0.0, 4.0.0-rc4, 4.0.0-rc3, 4.0.0-rc2, 4.0.0-rc1, 4.0.0-rc0, 3.9.7, 3.9.6, 3.9.5, 3.9.4, 3.9.3, 3.9.2, 3.9.1, 3.9.0, 3.8.40, 3.8.39, 3.8.38, 3.8.37, 3.8.36, 3.8.35, 3.8.34, 3.8.33, 3.8.31, 3.8.30, 3.8.29, 3.8.28, 3.8.27, 3.8.26, 3.8.25, 3.8.24, 3.8.23, 3.8.22, 3.8.21, 3.8.20, 3.8.19, 3.8.18, 3.8.17, 3.8.16, 3.8.15, 3.8.14, 3.8.13, 3.8.12, 3.8.11, 3.8.10, 3.8.9, 3.8.8, 3.8.7, 3.8.6, 3.8.5, 3.8.4, 3.8.3, 3.8.2, 3.8.1, 3.8.0, 3.7.4, 3.7.3, 3.7.2, 3.7.0, 3.6.20, 3.6.19, 3.6.18, 3.6.17, 3.6.16, 3.6.15, 3.6.14, 3.6.13, 3.6.12, 3.6.11, 3.6.10, 3.6.9, 3.6.8, 3.6.7, 3.6.6, 3.6.5, 3.6.4, 3.6.3, 3.6.2, 3.6.0-rc1, 3.6.0-rc0, 3.5.16, 3.5.15, 3.5.14, 3.5.13, 3.5.12, 3.5.11, 3.5.10, 3.5.9, 3.5.8, 3.5.7, 3.5.6, 3.5.5, 3.5.4, 3.5.3, 3.5.2, 3.5.1, 3.5.0, 3.4.0, 3.3.1, 3.3.0, 3.2.2, 3.2.1, 3.2.0, 3.1.1, 3.1.0, 3.0.3, 3.0.2, 3.0.1, 3.0.0, 3.0.0-rc0, 3.0.0-alpha2, 3.0.0-alpha1, 2.9.10, 2.9.9, 2.9.8, 2.9.7, 2.9.6, 2.9.5, 2.9.4, 2.9.3, 2.9.2, 2.9.1, 2.9.0, 2.8.3, 2.8.2, 2.8.1, 2.8.0, 2.7.4, 2.7.3, 2.7.2, 2.7.1, 2.7.0, 2.6.8, 2.6.7, 2.6.6, 2.6.5, 2.6.4, 2.6.3, 2.6.2, 2.6.1, 2.6.0, 2.5.14, 2.5.13, 2.5.12, 2.5.11, 2.5.10, 2.5.9, 2.5.8, 2.5.7, 2.5.6, 2.5.5, 2.5.4, 2.5.3, 2.5.2, 2.5.1, 2.5.0, 2.4.10, 2.4.9, 2.4.8, 2.4.7, 2.4.6, 2.4.5, 2.4.4, 2.4.3, 2.4.2, 2.4.1, 2.4.0, 2.3.13, 2.3.12, 2.3.11, 2.3.10, 2.3.9, 2.3.8, 2.3.7, 2.3.6, 2.3.5, 2.3.4, 2.3.3, 2.3.2, 2.3.1, 2.3.0, 2.2.4, 2.2.3, 2.2.2, 2.2.1, 2.2.0, 2.1.4, 2.1.3, 2.1.2, 2.1.1, 2.1.0, 2.0.4, 2.0.3, 2.0.2, 2.0.1, 2.0.0, 1.8.4, 1.8.3, 1.8.2, 1.8.1, 1.8.0, 1.7.4, 1.7.3, 1.7.2, 1.6.0, 1.5.0, 1.4.0, 1.3.7, 1.3.6, 1.3.5, 1.3.4, 1.3.3, 1.3.2, 1.3.1, 1.3.0, 1.2.0, 1.1.25, 1.1.24, 1.1.23, 1.1.22, 1.1.21, 1.1.20, 1.1.19, 1.1.18, 1.1.17, 1.1.16, 1.1.15, 1.1.14, 1.1.13, 1.1.12, 1.1.11, 1.1.10, 1.1.9, 1.1.8, 1.1.7, 1.1.6, 1.1.5, 1.1.4, 1.1.3, 1.1.2, 1.1.1, 1.1.0, 1.0.16, 1.0.15, 1.0.14, 1.0.13, 1.0.12, 1.0.11, 1.0.10, 1.0.8, 1.0.7, 1.0.6, 1.0.5, 1.0.4, 1.0.3, 1.0.2, 1.0.1, 1.0.0, 0.0.6, 0.0.5, 0.0.4, 0.0.3, 0.0.2, 0.0.1
31 verbose stack
31 verbose stack     at pickVersionFromRegistryDocument (/usr/lib/node_modules/npm/lib/fetch-package-metadata.js:178:16)
31 verbose stack     at /usr/lib/node_modules/npm/node_modules/iferr/index.js:13:50
31 verbose stack     at /usr/lib/node_modules/npm/lib/utils/pulse-till-done.js:20:8
31 verbose stack     at saved (/usr/lib/node_modules/npm/lib/cache/caching-client.js:174:7)
31 verbose stack     at /usr/lib/node_modules/npm/node_modules/graceful-fs/polyfills.js:241:18
31 verbose stack     at FSReqWrap.oncomplete (fs.js:123:15)
32 verbose cwd /home/lcom64/Documents/my-todolist
33 error Linux 4.4.0-57-generic
34 error argv "/usr/bin/nodejs" "/usr/bin/npm" "install" "mongoose"
35 error node v6.9.2
36 error npm  v3.10.9
37 error code ETARGET
38 error notarget No compatible version found: mongoose@4.7,7
38 error notarget Valid install targets:
38 error notarget 4.7.7, 4.7.6, 4.7.5, 4.7.5-pre, 4.7.4, 4.7.3, 4.7.2, 4.7.1, 4.7.0, 4.6.8, 4.6.7, 4.6.6, 4.6.5, 4.6.4, 4.6.3, 4.6.2, 4.6.1, 4.6.0, 4.5.10, 4.5.9, 4.5.8, 4.5.7, 4.5.6, 4.5.5, 4.5.4, 4.5.3, 4.5.2, 4.5.1, 4.5.0, 4.4.20, 4.4.19, 4.4.18, 4.4.17, 4.4.16, 4.4.15, 4.4.14, 4.4.13, 4.4.12, 4.4.11, 4.4.10, 4.4.9, 4.4.8, 4.4.7, 4.4.6, 4.4.5, 4.4.4, 4.4.3, 4.4.2, 4.4.1, 4.4.0, 4.3.7, 4.3.6, 4.3.5, 4.3.4, 4.3.3, 4.3.2, 4.3.1, 4.3.0, 4.2.10, 4.2.9, 4.2.8, 4.2.7, 4.2.6, 4.2.5, 4.2.4, 4.2.3, 4.2.2, 4.2.1, 4.2.0, 4.1.12, 4.1.11, 4.1.10, 4.1.9, 4.1.8, 4.1.7, 4.1.6, 4.1.5, 4.1.3, 4.1.2, 4.1.1, 4.1.0, 4.0.8, 4.0.7, 4.0.6, 4.0.5, 4.0.4, 4.0.3, 4.0.2, 4.0.1, 4.0.0, 4.0.0-rc4, 4.0.0-rc3, 4.0.0-rc2, 4.0.0-rc1, 4.0.0-rc0, 3.9.7, 3.9.6, 3.9.5, 3.9.4, 3.9.3, 3.9.2, 3.9.1, 3.9.0, 3.8.40, 3.8.39, 3.8.38, 3.8.37, 3.8.36, 3.8.35, 3.8.34, 3.8.33, 3.8.31, 3.8.30, 3.8.29, 3.8.28, 3.8.27, 3.8.26, 3.8.25, 3.8.24, 3.8.23, 3.8.22, 3.8.21, 3.8.20, 3.8.19, 3.8.18, 3.8.17, 3.8.16, 3.8.15, 3.8.14, 3.8.13, 3.8.12, 3.8.11, 3.8.10, 3.8.9, 3.8.8, 3.8.7, 3.8.6, 3.8.5, 3.8.4, 3.8.3, 3.8.2, 3.8.1, 3.8.0, 3.7.4, 3.7.3, 3.7.2, 3.7.0, 3.6.20, 3.6.19, 3.6.18, 3.6.17, 3.6.16, 3.6.15, 3.6.14, 3.6.13, 3.6.12, 3.6.11, 3.6.10, 3.6.9, 3.6.8, 3.6.7, 3.6.6, 3.6.5, 3.6.4, 3.6.3, 3.6.2, 3.6.0-rc1, 3.6.0-rc0, 3.5.16, 3.5.15, 3.5.14, 3.5.13, 3.5.12, 3.5.11, 3.5.10, 3.5.9, 3.5.8, 3.5.7, 3.5.6, 3.5.5, 3.5.4, 3.5.3, 3.5.2, 3.5.1, 3.5.0, 3.4.0, 3.3.1, 3.3.0, 3.2.2, 3.2.1, 3.2.0, 3.1.1, 3.1.0, 3.0.3, 3.0.2, 3.0.1, 3.0.0, 3.0.0-rc0, 3.0.0-alpha2, 3.0.0-alpha1, 2.9.10, 2.9.9, 2.9.8, 2.9.7, 2.9.6, 2.9.5, 2.9.4, 2.9.3, 2.9.2, 2.9.1, 2.9.0, 2.8.3, 2.8.2, 2.8.1, 2.8.0, 2.7.4, 2.7.3, 2.7.2, 2.7.1, 2.7.0, 2.6.8, 2.6.7, 2.6.6, 2.6.5, 2.6.4, 2.6.3, 2.6.2, 2.6.1, 2.6.0, 2.5.14, 2.5.13, 2.5.12, 2.5.11, 2.5.10, 2.5.9, 2.5.8, 2.5.7, 2.5.6, 2.5.5, 2.5.4, 2.5.3, 2.5.2, 2.5.1, 2.5.0, 2.4.10, 2.4.9, 2.4.8, 2.4.7, 2.4.6, 2.4.5, 2.4.4, 2.4.3, 2.4.2, 2.4.1, 2.4.0, 2.3.13, 2.3.12, 2.3.11, 2.3.10, 2.3.9, 2.3.8, 2.3.7, 2.3.6, 2.3.5, 2.3.4, 2.3.3, 2.3.2, 2.3.1, 2.3.0, 2.2.4, 2.2.3, 2.2.2, 2.2.1, 2.2.0, 2.1.4, 2.1.3, 2.1.2, 2.1.1, 2.1.0, 2.0.4, 2.0.3, 2.0.2, 2.0.1, 2.0.0, 1.8.4, 1.8.3, 1.8.2, 1.8.1, 1.8.0, 1.7.4, 1.7.3, 1.7.2, 1.6.0, 1.5.0, 1.4.0, 1.3.7, 1.3.6, 1.3.5, 1.3.4, 1.3.3, 1.3.2, 1.3.1, 1.3.0, 1.2.0, 1.1.25, 1.1.24, 1.1.23, 1.1.22, 1.1.21, 1.1.20, 1.1.19, 1.1.18, 1.1.17, 1.1.16, 1.1.15, 1.1.14, 1.1.13, 1.1.12, 1.1.11, 1.1.10, 1.1.9, 1.1.8, 1.1.7, 1.1.6, 1.1.5, 1.1.4, 1.1.3, 1.1.2, 1.1.1, 1.1.0, 1.0.16, 1.0.15, 1.0.14, 1.0.13, 1.0.12, 1.0.11, 1.0.10, 1.0.8, 1.0.7, 1.0.6, 1.0.5, 1.0.4, 1.0.3, 1.0.2, 1.0.1, 1.0.0, 0.0.6, 0.0.5, 0.0.4, 0.0.3, 0.0.2, 0.0.1
39 error notarget This is most likely not a problem with npm itself.
39 error notarget In most cases you or one of your dependencies are requesting
39 error notarget a package version that doesn't exist.
40 verbose exit [ 1, true ]
